<?xml version="1.0" encoding="UTF-8"?>
<!-- Generated by org.testng.reporters.JUnitReportReporter -->
<testsuite skipped="0" hostname="CYBER_SPACE" name="com.ebfs.qa.testcases.HomePageTest" tests="3" failures="0" timestamp="12 Jul 2020 05:54:55 GMT" time="30.286" errors="0">
  <testcase name="verifyHomePageTitleTest" time="9.146" classname="com.ebfs.qa.testcases.HomePageTest"/>
  <testcase name="verifyLogoTest" time="8.838" classname="com.ebfs.qa.testcases.HomePageTest"/>
  <testcase name="verifyContactUsLinkTest" time="12.302" classname="com.ebfs.qa.testcases.HomePageTest"/>
</testsuite> <!-- com.ebfs.qa.testcases.HomePageTest -->
