<?xml version="1.0" encoding="UTF-8"?>
<!-- Generated by org.testng.reporters.JUnitReportReporter -->
<testsuite skipped="0" hostname="CYBER_SPACE" name="com.ebfs.qa.testcases.ContactsPageTest" tests="1" failures="0" timestamp="12 Jul 2020 05:54:55 GMT" time="12.576" errors="0">
  <testcase name="verifyContactsPageLabel" time="12.576" classname="com.ebfs.qa.testcases.ContactsPageTest"/>
</testsuite> <!-- com.ebfs.qa.testcases.ContactsPageTest -->
